<?xml version="1.0" encoding="UTF-8"?>
<!-- Generated by org.testng.reporters.JUnitReportReporter -->
<testsuite hostname="DESKTOP-8B1NS76" failures="0" tests="4" name="com.github.vitalibo.brickgame.util.CanvasTranslatorTest" time="0.052" errors="0" timestamp="2024-04-22T10:10:26 CEST" skipped="0">
  <testcase classname="com.github.vitalibo.brickgame.util.CanvasTranslatorTest" name="testFrom" time="0.043"/>
  <testcase classname="com.github.vitalibo.brickgame.util.CanvasTranslatorTest" name="testFromStream" time="0.008"/>
  <testcase classname="com.github.vitalibo.brickgame.util.CanvasTranslatorTest" name="testFromStream" time="0.000"/>
  <testcase classname="com.github.vitalibo.brickgame.util.CanvasTranslatorTest" name="testFromStream" time="0.001"/>
</testsuite> <!-- com.github.vitalibo.brickgame.util.CanvasTranslatorTest -->
