<?xml version="1.0" encoding="UTF-8"?>
<!-- Generated by org.testng.reporters.JUnitReportReporter -->
<testsuite hostname="DESKTOP-8B1NS76" failures="0" tests="5" name="com.github.vitalibo.brickgame.game.snake.DirectionTest" time="0.002" errors="0" timestamp="2024-04-22T10:10:26 CEST" skipped="0">
  <testcase classname="com.github.vitalibo.brickgame.game.snake.DirectionTest" name="testReverse" time="0.001"/>
  <testcase classname="com.github.vitalibo.brickgame.game.snake.DirectionTest" name="testReverse" time="0.000"/>
  <testcase classname="com.github.vitalibo.brickgame.game.snake.DirectionTest" name="testReverse" time="0.001"/>
  <testcase classname="com.github.vitalibo.brickgame.game.snake.DirectionTest" name="testReverse" time="0.000"/>
  <testcase classname="com.github.vitalibo.brickgame.game.snake.DirectionTest" name="testReverse" time="0.000"/>
</testsuite> <!-- com.github.vitalibo.brickgame.game.snake.DirectionTest -->
