<?xml version="1.0" encoding="UTF-8"?>
<!-- Generated by org.testng.reporters.JUnitReportReporter -->
<testsuite hostname="DESKTOP-8B1NS76" failures="0" tests="25" name="com.github.vitalibo.brickgame.game.snake.MapTest" time="7.656" errors="0" timestamp="2024-04-22T10:10:26 CEST" skipped="0">
  <testcase classname="com.github.vitalibo.brickgame.game.snake.MapTest" name="testLoadingMap" time="0.921"/>
  <testcase classname="com.github.vitalibo.brickgame.game.snake.MapTest" name="testCrashOnBorder" time="0.201"/>
  <testcase classname="com.github.vitalibo.brickgame.game.snake.MapTest" name="testLoadingMap" time="0.025"/>
  <testcase classname="com.github.vitalibo.brickgame.game.snake.MapTest" name="testLoadingMap" time="0.007"/>
  <testcase classname="com.github.vitalibo.brickgame.game.snake.MapTest" name="testLoadingMap" time="0.090"/>
  <testcase classname="com.github.vitalibo.brickgame.game.snake.MapTest" name="testLoadingMap" time="0.103"/>
  <testcase classname="com.github.vitalibo.brickgame.game.snake.MapTest" name="testLoadingMap" time="0.531"/>
  <testcase classname="com.github.vitalibo.brickgame.game.snake.MapTest" name="testCrashOnBorder" time="0.012"/>
  <testcase classname="com.github.vitalibo.brickgame.game.snake.MapTest" name="testLoadingMap" time="0.251"/>
  <testcase classname="com.github.vitalibo.brickgame.game.snake.MapTest" name="testCrashOnBorder" time="0.011"/>
  <testcase classname="com.github.vitalibo.brickgame.game.snake.MapTest" name="testLoadingMap" time="0.105"/>
  <testcase classname="com.github.vitalibo.brickgame.game.snake.MapTest" name="testLoadingMap" time="0.405"/>
  <testcase classname="com.github.vitalibo.brickgame.game.snake.MapTest" name="testLoadingMap" time="0.242"/>
  <testcase classname="com.github.vitalibo.brickgame.game.snake.MapTest" name="testLoadingMap" time="0.978"/>
  <testcase classname="com.github.vitalibo.brickgame.game.snake.MapTest" name="testUnmodifiableList" time="0.011"/>
  <testcase classname="com.github.vitalibo.brickgame.game.snake.MapTest" name="testCrashOnBorder" time="0.004"/>
  <testcase classname="com.github.vitalibo.brickgame.game.snake.MapTest" name="testVerifyPassed" time="0.008"/>
  <testcase classname="com.github.vitalibo.brickgame.game.snake.MapTest" name="testLoadingMap" time="0.196"/>
  <testcase classname="com.github.vitalibo.brickgame.game.snake.MapTest" name="testVerifyPassed" time="0.633"/>
  <testcase classname="com.github.vitalibo.brickgame.game.snake.MapTest" name="testLoadingMap" time="0.158"/>
  <testcase classname="com.github.vitalibo.brickgame.game.snake.MapTest" name="testVerifyPassed" time="0.004"/>
  <testcase classname="com.github.vitalibo.brickgame.game.snake.MapTest" name="testVerifyPassed" time="0.009"/>
  <testcase classname="com.github.vitalibo.brickgame.game.snake.MapTest" name="testLoadingMap" time="1.230"/>
  <testcase classname="com.github.vitalibo.brickgame.game.snake.MapTest" name="testLoadingMap" time="0.569"/>
  <testcase classname="com.github.vitalibo.brickgame.game.snake.MapTest" name="testLoadingMap" time="0.952"/>
</testsuite> <!-- com.github.vitalibo.brickgame.game.snake.MapTest -->
