<?xml version="1.0" encoding="UTF-8"?>
<!-- Generated by org.testng.reporters.JUnitReportReporter -->
<testsuite hostname="DESKTOP-8B1NS76" failures="0" tests="4" name="com.github.vitalibo.brickgame.core.ui.BrickTest" time="1.088" errors="0" timestamp="2024-04-22T10:10:26 CEST" skipped="0">
  <testcase classname="com.github.vitalibo.brickgame.core.ui.BrickTest" name="testRepaint" time="0.003"/>
  <testcase classname="com.github.vitalibo.brickgame.core.ui.BrickTest" name="testPaintState" time="0.078"/>
  <testcase classname="com.github.vitalibo.brickgame.core.ui.BrickTest" name="testNotRepaint" time="0.038"/>
  <testcase classname="com.github.vitalibo.brickgame.core.ui.BrickTest" name="testPaintState" time="0.969"/>
</testsuite> <!-- com.github.vitalibo.brickgame.core.ui.BrickTest -->
