<?xml version="1.0" encoding="UTF-8"?>
<!-- Generated by org.testng.reporters.JUnitReportReporter -->
<testsuite hostname="DESKTOP-8B1NS76" failures="0" tests="4" name="com.github.vitalibo.brickgame.core.ui.IconPanelTest" time="1.045" errors="0" timestamp="2024-04-22T10:10:26 CEST" skipped="0">
  <testcase classname="com.github.vitalibo.brickgame.core.ui.IconPanelTest" name="testRepaint" time="0.287"/>
  <testcase classname="com.github.vitalibo.brickgame.core.ui.IconPanelTest" name="testNotRepaint" time="0.103"/>
  <testcase classname="com.github.vitalibo.brickgame.core.ui.IconPanelTest" name="testRepaint" time="0.449"/>
  <testcase classname="com.github.vitalibo.brickgame.core.ui.IconPanelTest" name="testNotRepaint" time="0.206"/>
</testsuite> <!-- com.github.vitalibo.brickgame.core.ui.IconPanelTest -->
