<?xml version="1.0" encoding="UTF-8"?>
<!-- Generated by org.testng.reporters.JUnitReportReporter -->
<testsuite hostname="DESKTOP-8B1NS76" failures="0" tests="14" name="com.github.vitalibo.brickgame.game.tetris.tetromino.FactoryTest" time="0.032" errors="0" timestamp="2024-04-22T10:10:26 CEST" skipped="0">
  <testcase classname="com.github.vitalibo.brickgame.game.tetris.tetromino.FactoryTest" name="testCreate" time="0.010"/>
  <testcase classname="com.github.vitalibo.brickgame.game.tetris.tetromino.FactoryTest" name="testGenerate" time="0.001"/>
  <testcase classname="com.github.vitalibo.brickgame.game.tetris.tetromino.FactoryTest" name="testCreate" time="0.006"/>
  <testcase classname="com.github.vitalibo.brickgame.game.tetris.tetromino.FactoryTest" name="testGenerate" time="0.000"/>
  <testcase classname="com.github.vitalibo.brickgame.game.tetris.tetromino.FactoryTest" name="testCreate" time="0.003"/>
  <testcase classname="com.github.vitalibo.brickgame.game.tetris.tetromino.FactoryTest" name="testGenerate" time="0.001"/>
  <testcase classname="com.github.vitalibo.brickgame.game.tetris.tetromino.FactoryTest" name="testCreate" time="0.001"/>
  <testcase classname="com.github.vitalibo.brickgame.game.tetris.tetromino.FactoryTest" name="testGenerate" time="0.000"/>
  <testcase classname="com.github.vitalibo.brickgame.game.tetris.tetromino.FactoryTest" name="testGenerate" time="0.001"/>
  <testcase classname="com.github.vitalibo.brickgame.game.tetris.tetromino.FactoryTest" name="testGenerate" time="0.001"/>
  <testcase classname="com.github.vitalibo.brickgame.game.tetris.tetromino.FactoryTest" name="testGenerate" time="0.006"/>
  <testcase classname="com.github.vitalibo.brickgame.game.tetris.tetromino.FactoryTest" name="testCreate" time="0.001"/>
  <testcase classname="com.github.vitalibo.brickgame.game.tetris.tetromino.FactoryTest" name="testCreate" time="0.001"/>
  <testcase classname="com.github.vitalibo.brickgame.game.tetris.tetromino.FactoryTest" name="testCreate" time="0.000"/>
</testsuite> <!-- com.github.vitalibo.brickgame.game.tetris.tetromino.FactoryTest -->
