<?xml version="1.0" encoding="UTF-8"?>
<!-- Generated by org.testng.reporters.JUnitReportReporter -->
<testsuite hostname="DESKTOP-8B1NS76" failures="0" tests="1" name="com.github.vitalibo.brickgame.game.race.RoadTest" time="0.013" errors="0" timestamp="2024-04-22T10:10:26 CEST" skipped="0">
  <testcase classname="com.github.vitalibo.brickgame.game.race.RoadTest" name="testDown" time="0.013"/>
</testsuite> <!-- com.github.vitalibo.brickgame.game.race.RoadTest -->
