<?xml version="1.0" encoding="UTF-8"?>
<!-- Generated by org.testng.reporters.JUnitReportReporter -->
<testsuite hostname="DESKTOP-8B1NS76" failures="0" tests="13" name="com.github.vitalibo.brickgame.core.ControllerTest" time="48.286" errors="0" timestamp="2024-04-22T10:10:26 CEST" skipped="0">
  <testcase classname="com.github.vitalibo.brickgame.core.ControllerTest" name="testDelegateKeyPressed" time="0.149"/>
  <testcase classname="com.github.vitalibo.brickgame.core.ControllerTest" name="testDelegateKeyPressed" time="0.021"/>
  <testcase classname="com.github.vitalibo.brickgame.core.ControllerTest" name="testChangePause" time="0.623"/>
  <testcase classname="com.github.vitalibo.brickgame.core.ControllerTest" name="testNotDelegateKeyPressed" time="0.030"/>
  <testcase classname="com.github.vitalibo.brickgame.core.ControllerTest" name="testReset" time="0.293"/>
  <testcase classname="com.github.vitalibo.brickgame.core.ControllerTest" name="testNotDelegateKeyPressed" time="0.264"/>
  <testcase classname="com.github.vitalibo.brickgame.core.ControllerTest" name="testDelegateKeyPressed" time="0.248"/>
  <testcase classname="com.github.vitalibo.brickgame.core.ControllerTest" name="testNotDelegateKeyPressed" time="46.104"/>
  <testcase classname="com.github.vitalibo.brickgame.core.ControllerTest" name="testNotDelegateKeyPressed" time="0.383"/>
  <testcase classname="com.github.vitalibo.brickgame.core.ControllerTest" name="testChangeSound" time="0.018"/>
  <testcase classname="com.github.vitalibo.brickgame.core.ControllerTest" name="testDelegateKeyPressed" time="0.037"/>
  <testcase classname="com.github.vitalibo.brickgame.core.ControllerTest" name="testNotDelegateKeyPressed" time="0.047"/>
  <testcase classname="com.github.vitalibo.brickgame.core.ControllerTest" name="testDelegateKeyPressed" time="0.069"/>
</testsuite> <!-- com.github.vitalibo.brickgame.core.ControllerTest -->
