<?xml version="1.0" encoding="UTF-8"?>
<!-- Generated by org.testng.reporters.JUnitReportReporter -->
<testsuite hostname="DESKTOP-8B1NS76" failures="0" tests="14" name="com.github.vitalibo.brickgame.game.PointTest" time="0.010" errors="0" timestamp="2024-04-22T10:10:26 CEST" skipped="0">
  <testcase classname="com.github.vitalibo.brickgame.game.PointTest" name="testMoveRight" time="0.002"/>
  <testcase classname="com.github.vitalibo.brickgame.game.PointTest" name="testMoveLeft" time="0.001"/>
  <testcase classname="com.github.vitalibo.brickgame.game.PointTest" name="testVerifyPassed" time="0.001"/>
  <testcase classname="com.github.vitalibo.brickgame.game.PointTest" name="testMoveUp" time="0.000"/>
  <testcase classname="com.github.vitalibo.brickgame.game.PointTest" name="testVerifyPassed" time="0.001"/>
  <testcase classname="com.github.vitalibo.brickgame.game.PointTest" name="testVerifyFailed" time="0.000"/>
  <testcase classname="com.github.vitalibo.brickgame.game.PointTest" name="testVerifyFailed" time="0.001"/>
  <testcase classname="com.github.vitalibo.brickgame.game.PointTest" name="testMoveRight" time="0.001"/>
  <testcase classname="com.github.vitalibo.brickgame.game.PointTest" name="testMoveDown" time="0.000"/>
  <testcase classname="com.github.vitalibo.brickgame.game.PointTest" name="testVerifyFailed" time="0.001"/>
  <testcase classname="com.github.vitalibo.brickgame.game.PointTest" name="testMoveLeft" time="0.000"/>
  <testcase classname="com.github.vitalibo.brickgame.game.PointTest" name="testMoveUp" time="0.000"/>
  <testcase classname="com.github.vitalibo.brickgame.game.PointTest" name="testVerifyFailed" time="0.000"/>
  <testcase classname="com.github.vitalibo.brickgame.game.PointTest" name="testMoveDown" time="0.002"/>
</testsuite> <!-- com.github.vitalibo.brickgame.game.PointTest -->
