<?xml version="1.0" encoding="UTF-8"?>
<!-- Generated by org.testng.reporters.JUnitReportReporter -->
<testsuite hostname="DESKTOP-8B1NS76" failures="0" tests="22" name="com.github.vitalibo.brickgame.game.snake.MouseTest" time="0.193" errors="0" timestamp="2024-04-22T10:10:26 CEST" skipped="0">
  <testcase classname="com.github.vitalibo.brickgame.game.snake.MouseTest" name="testNextPoint" time="0.001"/>
  <testcase classname="com.github.vitalibo.brickgame.game.snake.MouseTest" name="testNextPoint" time="0.002"/>
  <testcase classname="com.github.vitalibo.brickgame.game.snake.MouseTest" name="testNextPoint" time="0.004"/>
  <testcase classname="com.github.vitalibo.brickgame.game.snake.MouseTest" name="testNextPoint" time="0.006"/>
  <testcase classname="com.github.vitalibo.brickgame.game.snake.MouseTest" name="testNextPoint" time="0.000"/>
  <testcase classname="com.github.vitalibo.brickgame.game.snake.MouseTest" name="testNextPoint" time="0.007"/>
  <testcase classname="com.github.vitalibo.brickgame.game.snake.MouseTest" name="testNextPoint" time="0.005"/>
  <testcase classname="com.github.vitalibo.brickgame.game.snake.MouseTest" name="testNextPoint" time="0.001"/>
  <testcase classname="com.github.vitalibo.brickgame.game.snake.MouseTest" name="testNextPoint" time="0.005"/>
  <testcase classname="com.github.vitalibo.brickgame.game.snake.MouseTest" name="testNextPoint" time="0.104"/>
  <testcase classname="com.github.vitalibo.brickgame.game.snake.MouseTest" name="testNextPoint" time="0.001"/>
  <testcase classname="com.github.vitalibo.brickgame.game.snake.MouseTest" name="testNextPoint" time="0.005"/>
  <testcase classname="com.github.vitalibo.brickgame.game.snake.MouseTest" name="testNextPoint" time="0.008"/>
  <testcase classname="com.github.vitalibo.brickgame.game.snake.MouseTest" name="testNextPoint" time="0.002"/>
  <testcase classname="com.github.vitalibo.brickgame.game.snake.MouseTest" name="testEatMouse" time="0.009"/>
  <testcase classname="com.github.vitalibo.brickgame.game.snake.MouseTest" name="testNextPoint" time="0.004"/>
  <testcase classname="com.github.vitalibo.brickgame.game.snake.MouseTest" name="testStream" time="0.000"/>
  <testcase classname="com.github.vitalibo.brickgame.game.snake.MouseTest" name="testNextPoint" time="0.006"/>
  <testcase classname="com.github.vitalibo.brickgame.game.snake.MouseTest" name="testNextPoint" time="0.002"/>
  <testcase classname="com.github.vitalibo.brickgame.game.snake.MouseTest" name="testNextPoint" time="0.002"/>
  <testcase classname="com.github.vitalibo.brickgame.game.snake.MouseTest" name="testNextPoint" time="0.001"/>
  <testcase classname="com.github.vitalibo.brickgame.game.snake.MouseTest" name="testNextPoint" time="0.018"/>
</testsuite> <!-- com.github.vitalibo.brickgame.game.snake.MouseTest -->
