<?xml version="1.0" encoding="UTF-8"?>
<!-- Generated by org.testng.reporters.JUnitReportReporter -->
<testsuite hostname="DESKTOP-8B1NS76" failures="0" tests="6" name="com.github.vitalibo.brickgame.game.snake.SnakeTest" time="0.138" errors="0" timestamp="2024-04-22T10:10:26 CEST" skipped="0">
  <testcase classname="com.github.vitalibo.brickgame.game.snake.SnakeTest" name="testVerifyPassed" time="0.002"/>
  <testcase classname="com.github.vitalibo.brickgame.game.snake.SnakeTest" name="testHead" time="0.002"/>
  <testcase classname="com.github.vitalibo.brickgame.game.snake.SnakeTest" name="testInit" time="0.000"/>
  <testcase classname="com.github.vitalibo.brickgame.game.snake.SnakeTest" name="testEatSelf" time="0.002"/>
  <testcase classname="com.github.vitalibo.brickgame.game.snake.SnakeTest" name="testVerifyPassed" time="0.021"/>
  <testcase classname="com.github.vitalibo.brickgame.game.snake.SnakeTest" name="testEatSelf" time="0.111"/>
</testsuite> <!-- com.github.vitalibo.brickgame.game.snake.SnakeTest -->
