<?xml version="1.0" encoding="UTF-8"?>
<!-- Generated by org.testng.reporters.JUnitReportReporter -->
<testsuite hostname="DESKTOP-8B1NS76" failures="0" tests="7" name="com.github.vitalibo.brickgame.game.LifeTest" time="0.179" errors="0" timestamp="2024-04-22T10:10:26 CEST" skipped="0">
  <testcase classname="com.github.vitalibo.brickgame.game.LifeTest" name="cleanUp" time="0.004"/>
  <testcase classname="com.github.vitalibo.brickgame.game.LifeTest" name="testNotRepaint" time="0.004"/>
  <testcase classname="com.github.vitalibo.brickgame.game.LifeTest" name="testRepaint" time="0.002"/>
  <testcase classname="com.github.vitalibo.brickgame.game.LifeTest" name="testRepaint" time="0.063"/>
  <testcase classname="com.github.vitalibo.brickgame.game.LifeTest" name="testRepaint" time="0.017"/>
  <testcase classname="com.github.vitalibo.brickgame.game.LifeTest" name="testRepaint" time="0.086"/>
  <testcase classname="com.github.vitalibo.brickgame.game.LifeTest" name="testRepaint" time="0.003"/>
</testsuite> <!-- com.github.vitalibo.brickgame.game.LifeTest -->
