<?xml version="1.0" encoding="UTF-8"?>
<!-- Generated by org.testng.reporters.JUnitReportReporter -->
<testsuite hostname="DESKTOP-8B1NS76" failures="0" tests="14" name="com.github.vitalibo.brickgame.core.NumberTest" time="0.044" errors="0" timestamp="2024-04-22T10:10:26 CEST" skipped="0">
  <testcase classname="com.github.vitalibo.brickgame.core.NumberTest" name="testInc" time="0.002"/>
  <testcase classname="com.github.vitalibo.brickgame.core.NumberTest" name="testIncStep" time="0.003"/>
  <testcase classname="com.github.vitalibo.brickgame.core.NumberTest" name="testDec" time="0.004"/>
  <testcase classname="com.github.vitalibo.brickgame.core.NumberTest" name="testIncStep" time="0.001"/>
  <testcase classname="com.github.vitalibo.brickgame.core.NumberTest" name="testDecStep" time="0.001"/>
  <testcase classname="com.github.vitalibo.brickgame.core.NumberTest" name="testDec" time="0.012"/>
  <testcase classname="com.github.vitalibo.brickgame.core.NumberTest" name="testIncStep" time="0.006"/>
  <testcase classname="com.github.vitalibo.brickgame.core.NumberTest" name="testDec" time="0.002"/>
  <testcase classname="com.github.vitalibo.brickgame.core.NumberTest" name="testInc" time="0.001"/>
  <testcase classname="com.github.vitalibo.brickgame.core.NumberTest" name="testDecStep" time="0.007"/>
  <testcase classname="com.github.vitalibo.brickgame.core.NumberTest" name="testInc" time="0.002"/>
  <testcase classname="com.github.vitalibo.brickgame.core.NumberTest" name="testDecStep" time="0.002"/>
  <testcase classname="com.github.vitalibo.brickgame.core.NumberTest" name="testDecStep" time="0.000"/>
  <testcase classname="com.github.vitalibo.brickgame.core.NumberTest" name="testIncStep" time="0.001"/>
</testsuite> <!-- com.github.vitalibo.brickgame.core.NumberTest -->
