<?xml version="1.0" encoding="UTF-8"?>
<!-- Generated by org.testng.reporters.JUnitReportReporter -->
<testsuite hostname="DESKTOP-8B1NS76" failures="0" tests="2" name="com.github.vitalibo.brickgame.game.ShapeTest" time="0.002" errors="0" timestamp="2024-04-22T10:10:26 CEST" skipped="0">
  <testcase classname="com.github.vitalibo.brickgame.game.ShapeTest" name="testShapeEquals" time="0.002"/>
  <testcase classname="com.github.vitalibo.brickgame.game.ShapeTest" name="testShapeEquals" time="0.000"/>
</testsuite> <!-- com.github.vitalibo.brickgame.game.ShapeTest -->
