<?xml version="1.0" encoding="UTF-8"?>
<!-- Generated by org.testng.reporters.JUnitReportReporter -->
<testsuite hostname="DESKTOP-8B1NS76" failures="0" tests="23" name="com.github.vitalibo.brickgame.core.ui.DigitTest" time="2.443" errors="0" timestamp="2024-04-22T10:10:26 CEST" skipped="0">
  <testcase classname="com.github.vitalibo.brickgame.core.ui.DigitTest" name="testRepaint" time="0.017"/>
  <testcase classname="com.github.vitalibo.brickgame.core.ui.DigitTest" name="testPaintDigit" time="0.028"/>
  <testcase classname="com.github.vitalibo.brickgame.core.ui.DigitTest" name="testRepaint" time="0.179"/>
  <testcase classname="com.github.vitalibo.brickgame.core.ui.DigitTest" name="testSetIllegalValue" time="0.018"/>
  <testcase classname="com.github.vitalibo.brickgame.core.ui.DigitTest" name="testRepaint" time="0.012"/>
  <testcase classname="com.github.vitalibo.brickgame.core.ui.DigitTest" name="testRepaint" time="0.009"/>
  <testcase classname="com.github.vitalibo.brickgame.core.ui.DigitTest" name="testPaintDigit" time="0.007"/>
  <testcase classname="com.github.vitalibo.brickgame.core.ui.DigitTest" name="testRepaint" time="0.417"/>
  <testcase classname="com.github.vitalibo.brickgame.core.ui.DigitTest" name="testPaintDigit" time="0.015"/>
  <testcase classname="com.github.vitalibo.brickgame.core.ui.DigitTest" name="testPaintDigit" time="0.010"/>
  <testcase classname="com.github.vitalibo.brickgame.core.ui.DigitTest" name="testRepaint" time="0.105"/>
  <testcase classname="com.github.vitalibo.brickgame.core.ui.DigitTest" name="testRepaint" time="0.004"/>
  <testcase classname="com.github.vitalibo.brickgame.core.ui.DigitTest" name="testPaintDigit" time="0.008"/>
  <testcase classname="com.github.vitalibo.brickgame.core.ui.DigitTest" name="testNotRepaint" time="0.022"/>
  <testcase classname="com.github.vitalibo.brickgame.core.ui.DigitTest" name="testPaintDigit" time="0.028"/>
  <testcase classname="com.github.vitalibo.brickgame.core.ui.DigitTest" name="testPaintDigit" time="0.005"/>
  <testcase classname="com.github.vitalibo.brickgame.core.ui.DigitTest" name="testPaintDigit" time="1.213"/>
  <testcase classname="com.github.vitalibo.brickgame.core.ui.DigitTest" name="testRepaint" time="0.005"/>
  <testcase classname="com.github.vitalibo.brickgame.core.ui.DigitTest" name="testRepaint" time="0.032"/>
  <testcase classname="com.github.vitalibo.brickgame.core.ui.DigitTest" name="testPaintDigit" time="0.265"/>
  <testcase classname="com.github.vitalibo.brickgame.core.ui.DigitTest" name="testPaintDigit" time="0.018"/>
  <testcase classname="com.github.vitalibo.brickgame.core.ui.DigitTest" name="testRepaint" time="0.025"/>
  <testcase classname="com.github.vitalibo.brickgame.core.ui.DigitTest" name="testSetIllegalValue" time="0.001"/>
</testsuite> <!-- com.github.vitalibo.brickgame.core.ui.DigitTest -->
