<?xml version="1.0" encoding="UTF-8"?>
<!-- Generated by org.testng.reporters.JUnitReportReporter -->
<testsuite hostname="DESKTOP-8B1NS76" failures="0" tests="51" name="com.github.vitalibo.brickgame.core.ui.BrickPanelTest" time="3.354" errors="0" timestamp="2024-04-22T10:10:26 CEST" skipped="0">
  <testcase classname="com.github.vitalibo.brickgame.core.ui.BrickPanelTest" name="testBrickSize" time="0.028"/>
  <testcase classname="com.github.vitalibo.brickgame.core.ui.BrickPanelTest" name="testDraw" time="0.017"/>
  <testcase classname="com.github.vitalibo.brickgame.core.ui.BrickPanelTest" name="testDraw" time="0.003"/>
  <testcase classname="com.github.vitalibo.brickgame.core.ui.BrickPanelTest" name="testDraw" time="0.052"/>
  <testcase classname="com.github.vitalibo.brickgame.core.ui.BrickPanelTest" name="testDraw" time="0.010"/>
  <testcase classname="com.github.vitalibo.brickgame.core.ui.BrickPanelTest" name="testDraw" time="0.024"/>
  <testcase classname="com.github.vitalibo.brickgame.core.ui.BrickPanelTest" name="testDraw" time="0.020"/>
  <testcase classname="com.github.vitalibo.brickgame.core.ui.BrickPanelTest" name="testDraw" time="0.007"/>
  <testcase classname="com.github.vitalibo.brickgame.core.ui.BrickPanelTest" name="testDraw" time="0.021"/>
  <testcase classname="com.github.vitalibo.brickgame.core.ui.BrickPanelTest" name="testDraw" time="0.039"/>
  <testcase classname="com.github.vitalibo.brickgame.core.ui.BrickPanelTest" name="testDraw" time="0.054"/>
  <testcase classname="com.github.vitalibo.brickgame.core.ui.BrickPanelTest" name="testDraw" time="0.014"/>
  <testcase classname="com.github.vitalibo.brickgame.core.ui.BrickPanelTest" name="testDraw" time="0.022"/>
  <testcase classname="com.github.vitalibo.brickgame.core.ui.BrickPanelTest" name="testDraw" time="0.013"/>
  <testcase classname="com.github.vitalibo.brickgame.core.ui.BrickPanelTest" name="testDraw" time="0.026"/>
  <testcase classname="com.github.vitalibo.brickgame.core.ui.BrickPanelTest" name="testDraw" time="0.008"/>
  <testcase classname="com.github.vitalibo.brickgame.core.ui.BrickPanelTest" name="testDraw" time="0.011"/>
  <testcase classname="com.github.vitalibo.brickgame.core.ui.BrickPanelTest" name="testDraw" time="0.192"/>
  <testcase classname="com.github.vitalibo.brickgame.core.ui.BrickPanelTest" name="testDraw" time="1.596"/>
  <testcase classname="com.github.vitalibo.brickgame.core.ui.BrickPanelTest" name="testDraw" time="0.014"/>
  <testcase classname="com.github.vitalibo.brickgame.core.ui.BrickPanelTest" name="testDraw" time="0.049"/>
  <testcase classname="com.github.vitalibo.brickgame.core.ui.BrickPanelTest" name="testDraw" time="0.061"/>
  <testcase classname="com.github.vitalibo.brickgame.core.ui.BrickPanelTest" name="testDraw" time="0.009"/>
  <testcase classname="com.github.vitalibo.brickgame.core.ui.BrickPanelTest" name="testDraw" time="0.035"/>
  <testcase classname="com.github.vitalibo.brickgame.core.ui.BrickPanelTest" name="testDraw" time="0.005"/>
  <testcase classname="com.github.vitalibo.brickgame.core.ui.BrickPanelTest" name="testDraw" time="0.003"/>
  <testcase classname="com.github.vitalibo.brickgame.core.ui.BrickPanelTest" name="testDraw" time="0.007"/>
  <testcase classname="com.github.vitalibo.brickgame.core.ui.BrickPanelTest" name="testDraw" time="0.002"/>
  <testcase classname="com.github.vitalibo.brickgame.core.ui.BrickPanelTest" name="testDraw" time="0.065"/>
  <testcase classname="com.github.vitalibo.brickgame.core.ui.BrickPanelTest" name="testDraw" time="0.091"/>
  <testcase classname="com.github.vitalibo.brickgame.core.ui.BrickPanelTest" name="testDraw" time="0.013"/>
  <testcase classname="com.github.vitalibo.brickgame.core.ui.BrickPanelTest" name="testDraw" time="0.009"/>
  <testcase classname="com.github.vitalibo.brickgame.core.ui.BrickPanelTest" name="testDraw" time="0.005"/>
  <testcase classname="com.github.vitalibo.brickgame.core.ui.BrickPanelTest" name="testDraw" time="0.076"/>
  <testcase classname="com.github.vitalibo.brickgame.core.ui.BrickPanelTest" name="testDraw" time="0.011"/>
  <testcase classname="com.github.vitalibo.brickgame.core.ui.BrickPanelTest" name="testDraw" time="0.017"/>
  <testcase classname="com.github.vitalibo.brickgame.core.ui.BrickPanelTest" name="testDraw" time="0.006"/>
  <testcase classname="com.github.vitalibo.brickgame.core.ui.BrickPanelTest" name="testDraw" time="0.006"/>
  <testcase classname="com.github.vitalibo.brickgame.core.ui.BrickPanelTest" name="testDraw" time="0.010"/>
  <testcase classname="com.github.vitalibo.brickgame.core.ui.BrickPanelTest" name="testDraw" time="0.008"/>
  <testcase classname="com.github.vitalibo.brickgame.core.ui.BrickPanelTest" name="testDraw" time="0.005"/>
  <testcase classname="com.github.vitalibo.brickgame.core.ui.BrickPanelTest" name="testDraw" time="0.089"/>
  <testcase classname="com.github.vitalibo.brickgame.core.ui.BrickPanelTest" name="testDraw" time="0.010"/>
  <testcase classname="com.github.vitalibo.brickgame.core.ui.BrickPanelTest" name="testDraw" time="0.093"/>
  <testcase classname="com.github.vitalibo.brickgame.core.ui.BrickPanelTest" name="testDraw" time="0.003"/>
  <testcase classname="com.github.vitalibo.brickgame.core.ui.BrickPanelTest" name="testDraw" time="0.337"/>
  <testcase classname="com.github.vitalibo.brickgame.core.ui.BrickPanelTest" name="testDraw" time="0.012"/>
  <testcase classname="com.github.vitalibo.brickgame.core.ui.BrickPanelTest" name="testDraw" time="0.014"/>
  <testcase classname="com.github.vitalibo.brickgame.core.ui.BrickPanelTest" name="testDraw" time="0.011"/>
  <testcase classname="com.github.vitalibo.brickgame.core.ui.BrickPanelTest" name="testDraw" time="0.021"/>
  <testcase classname="com.github.vitalibo.brickgame.core.ui.BrickPanelTest" name="testDraw" time="0.100"/>
</testsuite> <!-- com.github.vitalibo.brickgame.core.ui.BrickPanelTest -->
