<?xml version="1.0" encoding="UTF-8"?>
<!-- Generated by org.testng.reporters.JUnitReportReporter -->
<testsuite hostname="DESKTOP-8B1NS76" failures="0" tests="5" name="com.github.vitalibo.brickgame.game.race.CarTest" time="0.119" errors="0" timestamp="2024-04-22T10:10:26 CEST" skipped="0">
  <testcase classname="com.github.vitalibo.brickgame.game.race.CarTest" name="testVerifyPassed" time="0.010"/>
  <testcase classname="com.github.vitalibo.brickgame.game.race.CarTest" name="testCarCrashed" time="0.009"/>
  <testcase classname="com.github.vitalibo.brickgame.game.race.CarTest" name="testDown" time="0.083"/>
  <testcase classname="com.github.vitalibo.brickgame.game.race.CarTest" name="testLeft" time="0.010"/>
  <testcase classname="com.github.vitalibo.brickgame.game.race.CarTest" name="testRight" time="0.007"/>
</testsuite> <!-- com.github.vitalibo.brickgame.game.race.CarTest -->
