<?xml version="1.0" encoding="UTF-8"?>
<!-- Generated by org.testng.reporters.JUnitReportReporter -->
<testsuite hostname="DESKTOP-8B1NS76" failures="0" tests="2" name="com.github.vitalibo.brickgame.core.JobTest" time="1.330" errors="0" timestamp="2024-04-22T10:10:26 CEST" skipped="0">
  <testcase classname="com.github.vitalibo.brickgame.core.JobTest" name="testPause" time="0.676"/>
  <testcase classname="com.github.vitalibo.brickgame.core.JobTest" name="testKill" time="0.654"/>
</testsuite> <!-- com.github.vitalibo.brickgame.core.JobTest -->
