<?xml version="1.0" encoding="UTF-8"?>
<!-- Generated by org.testng.reporters.JUnitReportReporter -->
<testsuite hostname="DESKTOP-8B1NS76" failures="0" tests="8" name="com.github.vitalibo.brickgame.game.tetris.BoardTest" time="0.386" errors="0" timestamp="2024-04-22T10:10:26 CEST" skipped="0">
  <testcase classname="com.github.vitalibo.brickgame.game.tetris.BoardTest" name="testInit" time="0.007"/>
  <testcase classname="com.github.vitalibo.brickgame.game.tetris.BoardTest" name="testInit" time="0.001"/>
  <testcase classname="com.github.vitalibo.brickgame.game.tetris.BoardTest" name="testInit" time="0.004"/>
  <testcase classname="com.github.vitalibo.brickgame.game.tetris.BoardTest" name="testAdd" time="0.281"/>
  <testcase classname="com.github.vitalibo.brickgame.game.tetris.BoardTest" name="testInit" time="0.022"/>
  <testcase classname="com.github.vitalibo.brickgame.game.tetris.BoardTest" name="testVerify" time="0.011"/>
  <testcase classname="com.github.vitalibo.brickgame.game.tetris.BoardTest" name="testCleanUp" time="0.053"/>
  <testcase classname="com.github.vitalibo.brickgame.game.tetris.BoardTest" name="testIsFull" time="0.007"/>
</testsuite> <!-- com.github.vitalibo.brickgame.game.tetris.BoardTest -->
