<?xml version="1.0" encoding="UTF-8"?>
<!-- Generated by org.testng.reporters.JUnitReportReporter -->
<testsuite hostname="DESKTOP-8B1NS76" failures="0" tests="8" name="com.github.vitalibo.brickgame.core.ui.NumberPanelTest" time="0.203" errors="0" timestamp="2024-04-22T10:10:26 CEST" skipped="0">
  <testcase classname="com.github.vitalibo.brickgame.core.ui.NumberPanelTest" name="testDigitSequence" time="0.186"/>
  <testcase classname="com.github.vitalibo.brickgame.core.ui.NumberPanelTest" name="testOverflowValue" time="0.002"/>
  <testcase classname="com.github.vitalibo.brickgame.core.ui.NumberPanelTest" name="testDigitSequence" time="0.002"/>
  <testcase classname="com.github.vitalibo.brickgame.core.ui.NumberPanelTest" name="testSetIllegalValue" time="0.001"/>
  <testcase classname="com.github.vitalibo.brickgame.core.ui.NumberPanelTest" name="testDigitSequence" time="0.004"/>
  <testcase classname="com.github.vitalibo.brickgame.core.ui.NumberPanelTest" name="testOverflowValue" time="0.001"/>
  <testcase classname="com.github.vitalibo.brickgame.core.ui.NumberPanelTest" name="testOverflowValue" time="0.006"/>
  <testcase classname="com.github.vitalibo.brickgame.core.ui.NumberPanelTest" name="testOverflowValue" time="0.001"/>
</testsuite> <!-- com.github.vitalibo.brickgame.core.ui.NumberPanelTest -->
